<?xml version="1.0" encoding="UTF-8"?>
<testsuite name="2e6408f0344c0122_BtMusic"
           tests="3"
           failures="2"
           errors="0"
           skipped="1"
           time="9.601">
  <properties />
            <testcase name="afterClass" time="0.010" classname="com.bt.music.BtMusic">
                <failure type="org.openqa.selenium.NoSuchSessionException"
                  message="
Command duration or timeout: 10 milliseconds
Build info: version: &apos;3.3.1&apos;, revision: &apos;5234b32&apos;, time: &apos;2017-03-10 09:04:52 -0800&apos;
System info: host: &apos;HZH4668C&apos;, ip: &apos;192.168.199.148&apos;, os.name: &apos;Windows 7&apos;, os.arch: &apos;amd64&apos;, os.version: &apos;6.1&apos;, java.version: &apos;1.8.0_92&apos;
Driver info: io.appium.java_client.android.AndroidDriver
Capabilities [{appPackage=com.android.launcher, networkConnectionEnabled=true, warnings={}, databaseEnabled=false, deviceName=2e6408f0344c0122, platform=LINUX, appActivity=com.thundersoft.hmi.TSLauncher, desired={appPackage=com.android.launcher, appActivity=com.thundersoft.hmi.TSLauncher, platformVersion=5.1.1, unicodeKeyboard=true, udid=2e6408f0344c0122, platformName=Android, deviceName=2e6408f0344c0122, resetKeyboard=true}, platformVersion=5.1.1, webStorageEnabled=false, locationContextEnabled=false, browserName=Android, takesScreenshot=true, javascriptEnabled=true, unicodeKeyboard=true, udid=2e6408f0344c0122, platformName=Android, resetKeyboard=true}]
Session ID: c519f3c9-e1d3-44ce-9cca-6c21b140ac55"
              >
<![CDATA[org.openqa.selenium.NoSuchSessionException: 
Command duration or timeout: 10 milliseconds
Build info: version: '3.3.1', revision: '5234b32', time: '2017-03-10 09:04:52 -0800'
System info: host: 'HZH4668C', ip: '192.168.199.148', os.name: 'Windows 7', os.arch: 'amd64', os.version: '6.1', java.version: '1.8.0_92'
Driver info: io.appium.java_client.android.AndroidDriver
Capabilities [{appPackage=com.android.launcher, networkConnectionEnabled=true, warnings={}, databaseEnabled=false, deviceName=2e6408f0344c0122, platform=LINUX, appActivity=com.thundersoft.hmi.TSLauncher, desired={appPackage=com.android.launcher, appActivity=com.thundersoft.hmi.TSLauncher, platformVersion=5.1.1, unicodeKeyboard=true, udid=2e6408f0344c0122, platformName=Android, deviceName=2e6408f0344c0122, resetKeyboard=true}, platformVersion=5.1.1, webStorageEnabled=false, locationContextEnabled=false, browserName=Android, takesScreenshot=true, javascriptEnabled=true, unicodeKeyboard=true, udid=2e6408f0344c0122, platformName=Android, resetKeyboard=true}]
Session ID: c519f3c9-e1d3-44ce-9cca-6c21b140ac55
  sun.reflect.NativeConstructorAccessorImpl.newInstance0(Native Method)
  sun.reflect.NativeConstructorAccessorImpl.newInstance(Unknown Source)
  sun.reflect.DelegatingConstructorAccessorImpl.newInstance(Unknown Source)
  java.lang.reflect.Constructor.newInstance(Unknown Source)
  org.openqa.selenium.remote.ErrorHandler.createThrowable(ErrorHandler.java:216)
  org.openqa.selenium.remote.ErrorHandler.throwIfResponseFailed(ErrorHandler.java:168)
  org.openqa.selenium.remote.RemoteWebDriver.execute(RemoteWebDriver.java:638)
  io.appium.java_client.DefaultGenericMobileDriver.execute(DefaultGenericMobileDriver.java:46)
  io.appium.java_client.AppiumDriver.execute(AppiumDriver.java:1)
  io.appium.java_client.android.AndroidDriver.execute(AndroidDriver.java:1)
  org.openqa.selenium.remote.RemoteWebDriver.quit(RemoteWebDriver.java:500)
  com.base.InitAppium.afterClass(InitAppium.java:131)
  sun.reflect.NativeMethodAccessorImpl.invoke0(Native Method)
  sun.reflect.NativeMethodAccessorImpl.invoke(Unknown Source)
  sun.reflect.DelegatingMethodAccessorImpl.invoke(Unknown Source)
  java.lang.reflect.Method.invoke(Unknown Source)
  org.testng.internal.MethodInvocationHelper.invokeMethod(MethodInvocationHelper.java:108)
  org.testng.internal.Invoker.invokeConfigurationMethod(Invoker.java:523)
  org.testng.internal.Invoker.invokeConfigurations(Invoker.java:224)
  org.testng.internal.Invoker.invokeConfigurations(Invoker.java:146)
  org.testng.internal.TestMethodWorker.invokeAfterClassMethods(TestMethodWorker.java:212)
  org.testng.internal.TestMethodWorker.run(TestMethodWorker.java:112)
  org.testng.TestRunner.privateRun(TestRunner.java:744)
  org.testng.TestRunner.run(TestRunner.java:602)
  org.testng.SuiteRunner.runTest(SuiteRunner.java:380)
  org.testng.SuiteRunner.access$000(SuiteRunner.java:39)
  org.testng.SuiteRunner$SuiteWorker.run(SuiteRunner.java:414)
  org.testng.internal.thread.ThreadUtil$1.call(ThreadUtil.java:52)
  java.util.concurrent.FutureTask.run(Unknown Source)
  java.util.concurrent.ThreadPoolExecutor.runWorker(Unknown Source)
  java.util.concurrent.ThreadPoolExecutor$Worker.run(Unknown Source)
  java.lang.Thread.run(Unknown Source)
]]>
      </failure>

          </testcase>
            <testcase name="switchWifiWhenBtPlay" time="9.591" classname="com.bt.music.BtMusic">
                <failure type="org.openqa.selenium.WebDriverException"
                  message="UiAutomator died while responding to command, please check appium logs! (WARNING: The server did not provide any stacktrace information)
Command duration or timeout: 2.35 seconds
Build info: version: &apos;3.3.1&apos;, revision: &apos;5234b32&apos;, time: &apos;2017-03-10 09:04:52 -0800&apos;
System info: host: &apos;HZH4668C&apos;, ip: &apos;192.168.199.148&apos;, os.name: &apos;Windows 7&apos;, os.arch: &apos;amd64&apos;, os.version: &apos;6.1&apos;, java.version: &apos;1.8.0_92&apos;
Driver info: io.appium.java_client.android.AndroidDriver
Capabilities [{appPackage=com.android.launcher, networkConnectionEnabled=true, warnings={}, databaseEnabled=false, deviceName=2e6408f0344c0122, platform=LINUX, appActivity=com.thundersoft.hmi.TSLauncher, desired={appPackage=com.android.launcher, appActivity=com.thundersoft.hmi.TSLauncher, platformVersion=5.1.1, unicodeKeyboard=true, udid=2e6408f0344c0122, platformName=Android, deviceName=2e6408f0344c0122, resetKeyboard=true}, platformVersion=5.1.1, webStorageEnabled=false, locationContextEnabled=false, browserName=Android, takesScreenshot=true, javascriptEnabled=true, unicodeKeyboard=true, udid=2e6408f0344c0122, platformName=Android, resetKeyboard=true}]
Session ID: c519f3c9-e1d3-44ce-9cca-6c21b140ac55"
              >
<![CDATA[org.openqa.selenium.WebDriverException: UiAutomator died while responding to command, please check appium logs! (WARNING: The server did not provide any stacktrace information)
Command duration or timeout: 2.35 seconds
Build info: version: '3.3.1', revision: '5234b32', time: '2017-03-10 09:04:52 -0800'
System info: host: 'HZH4668C', ip: '192.168.199.148', os.name: 'Windows 7', os.arch: 'amd64', os.version: '6.1', java.version: '1.8.0_92'
Driver info: io.appium.java_client.android.AndroidDriver
Capabilities [{appPackage=com.android.launcher, networkConnectionEnabled=true, warnings={}, databaseEnabled=false, deviceName=2e6408f0344c0122, platform=LINUX, appActivity=com.thundersoft.hmi.TSLauncher, desired={appPackage=com.android.launcher, appActivity=com.thundersoft.hmi.TSLauncher, platformVersion=5.1.1, unicodeKeyboard=true, udid=2e6408f0344c0122, platformName=Android, deviceName=2e6408f0344c0122, resetKeyboard=true}, platformVersion=5.1.1, webStorageEnabled=false, locationContextEnabled=false, browserName=Android, takesScreenshot=true, javascriptEnabled=true, unicodeKeyboard=true, udid=2e6408f0344c0122, platformName=Android, resetKeyboard=true}]
Session ID: c519f3c9-e1d3-44ce-9cca-6c21b140ac55
  sun.reflect.NativeConstructorAccessorImpl.newInstance0(Native Method)
  sun.reflect.NativeConstructorAccessorImpl.newInstance(Unknown Source)
  sun.reflect.DelegatingConstructorAccessorImpl.newInstance(Unknown Source)
  java.lang.reflect.Constructor.newInstance(Unknown Source)
  org.openqa.selenium.remote.ErrorHandler.createThrowable(ErrorHandler.java:216)
  org.openqa.selenium.remote.ErrorHandler.throwIfResponseFailed(ErrorHandler.java:168)
  org.openqa.selenium.remote.RemoteWebDriver.execute(RemoteWebDriver.java:638)
  io.appium.java_client.DefaultGenericMobileDriver.execute(DefaultGenericMobileDriver.java:42)
  io.appium.java_client.AppiumDriver.execute(AppiumDriver.java:1)
  io.appium.java_client.android.AndroidDriver.execute(AndroidDriver.java:1)
  org.openqa.selenium.remote.RemoteWebElement.execute(RemoteWebElement.java:274)
  io.appium.java_client.DefaultGenericMobileElement.execute(DefaultGenericMobileElement.java:45)
  io.appium.java_client.MobileElement.execute(MobileElement.java:1)
  io.appium.java_client.android.AndroidElement.execute(AndroidElement.java:1)
  org.openqa.selenium.remote.RemoteWebElement.click(RemoteWebElement.java:84)
  com.base.OperateAppium.clickView(OperateAppium.java:93)
  com.operation.SettingsPageOperation.turnOffWifiSwitch(SettingsPageOperation.java:100)
  com.bt.music.BtMusic.switchWifiWhenBtPlay(BtMusic.java:255)
  sun.reflect.NativeMethodAccessorImpl.invoke0(Native Method)
  sun.reflect.NativeMethodAccessorImpl.invoke(Unknown Source)
  sun.reflect.DelegatingMethodAccessorImpl.invoke(Unknown Source)
  java.lang.reflect.Method.invoke(Unknown Source)
  org.testng.internal.MethodInvocationHelper.invokeMethod(MethodInvocationHelper.java:108)
  org.testng.internal.Invoker.invokeMethod(Invoker.java:661)
  org.testng.internal.Invoker.invokeTestMethod(Invoker.java:869)
  org.testng.internal.Invoker.invokeTestMethods(Invoker.java:1193)
  org.testng.internal.TestMethodWorker.invokeTestMethods(TestMethodWorker.java:126)
  org.testng.internal.TestMethodWorker.run(TestMethodWorker.java:109)
  org.testng.TestRunner.privateRun(TestRunner.java:744)
  org.testng.TestRunner.run(TestRunner.java:602)
  org.testng.SuiteRunner.runTest(SuiteRunner.java:380)
  org.testng.SuiteRunner.access$000(SuiteRunner.java:39)
  org.testng.SuiteRunner$SuiteWorker.run(SuiteRunner.java:414)
  org.testng.internal.thread.ThreadUtil$1.call(ThreadUtil.java:52)
  java.util.concurrent.FutureTask.run(Unknown Source)
  java.util.concurrent.ThreadPoolExecutor.runWorker(Unknown Source)
  java.util.concurrent.ThreadPoolExecutor$Worker.run(Unknown Source)
  java.lang.Thread.run(Unknown Source)
]]>
      </failure>

          </testcase>
  
            <testcase name="afterTest" time="0.0" classname="com.bt.music.BtMusic">
          <skipped />
    </testcase>
  
  
</testsuite>
